TN:
SF:C:\Users\samiksha.gupta\Desktop\HooplaToTrainee\MicroServices\Hoopla_User\specs\specs.js
FN:3,(anonymous_1)
FN:5,(anonymous_2)
FN:8,(anonymous_3)
FNF:3
FNH:3
FNDA:1,(anonymous_1)
FNDA:1,(anonymous_2)
FNDA:1,(anonymous_3)
DA:1,1
DA:3,1
DA:5,1
DA:6,1
DA:8,1
DA:9,1
LF:6
LH:6
BRF:0
BRH:0
end_of_record
TN:
SF:C:\Users\samiksha.gupta\Desktop\HooplaToTrainee\MicroServices\Hoopla_User\public\javascripts\DAL.js
FN:8,(anonymous_1)
FN:9,(anonymous_2)
FN:12,(anonymous_3)
FN:15,(anonymous_4)
FN:30,(anonymous_5)
FN:31,(anonymous_6)
FN:33,(anonymous_7)
FN:41,(anonymous_8)
FN:42,(anonymous_9)
FN:44,(anonymous_10)
FN:51,(anonymous_11)
FN:63,(anonymous_12)
FN:64,(anonymous_13)
FN:66,(anonymous_14)
FNF:14
FNH:2
FNDA:1,(anonymous_1)
FNDA:0,(anonymous_2)
FNDA:0,(anonymous_3)
FNDA:0,(anonymous_4)
FNDA:0,(anonymous_5)
FNDA:0,(anonymous_6)
FNDA:0,(anonymous_7)
FNDA:0,(anonymous_8)
FNDA:0,(anonymous_9)
FNDA:0,(anonymous_10)
FNDA:0,(anonymous_11)
FNDA:1,(anonymous_12)
FNDA:0,(anonymous_13)
FNDA:0,(anonymous_14)
DA:1,1
DA:2,1
DA:3,1
DA:5,1
DA:8,1
DA:9,1
DA:11,0
DA:12,0
DA:13,0
DA:14,0
DA:16,0
DA:20,0
DA:24,0
DA:30,1
DA:31,0
DA:32,0
DA:33,0
DA:34,0
DA:37,0
DA:41,1
DA:42,0
DA:43,0
DA:44,0
DA:45,0
DA:46,0
DA:52,0
DA:56,0
DA:60,0
DA:63,1
DA:64,1
DA:65,0
DA:66,0
DA:67,0
DA:68,0
DA:71,0
DA:78,1
LF:36
LH:11
BRDA:13,1,0,0
BRDA:13,1,1,0
BRDA:45,2,0,0
BRDA:45,2,1,0
BRF:4
BRH:0
end_of_record
