<?xml version="1.0" ?>
<!DOCTYPE coverage SYSTEM "http://cobertura.sourceforge.net/xml/coverage-04.dtd">
<coverage lines-valid="42"  lines-covered="17"  line-rate="0.4048"  branches-valid="4"  branches-covered="0"  branch-rate="0"  timestamp="1529946919702" complexity="0" version="0.1">
<sources>
	<source>C:\Users\samiksha.gupta\Desktop\HooplaToTrainee\MicroServices\Hoopla_User</source>
</sources>
<packages>
	<package name="public.javascripts"  line-rate="0.3056"  branch-rate="0" >
	<classes>
		<class name="DAL.js"  filename="public\javascripts\DAL.js"  line-rate="0.3056"  branch-rate="0" >
		<methods>
			<method name="(anonymous_1)"  hits="1"  signature="()V" >
				<lines><line number="8"  hits="1" /></lines>
			</method>
			<method name="(anonymous_2)"  hits="0"  signature="()V" >
				<lines><line number="9"  hits="0" /></lines>
			</method>
			<method name="(anonymous_3)"  hits="0"  signature="()V" >
				<lines><line number="12"  hits="0" /></lines>
			</method>
			<method name="(anonymous_4)"  hits="0"  signature="()V" >
				<lines><line number="15"  hits="0" /></lines>
			</method>
			<method name="(anonymous_5)"  hits="0"  signature="()V" >
				<lines><line number="30"  hits="0" /></lines>
			</method>
			<method name="(anonymous_6)"  hits="0"  signature="()V" >
				<lines><line number="31"  hits="0" /></lines>
			</method>
			<method name="(anonymous_7)"  hits="0"  signature="()V" >
				<lines><line number="33"  hits="0" /></lines>
			</method>
			<method name="(anonymous_8)"  hits="0"  signature="()V" >
				<lines><line number="41"  hits="0" /></lines>
			</method>
			<method name="(anonymous_9)"  hits="0"  signature="()V" >
				<lines><line number="42"  hits="0" /></lines>
			</method>
			<method name="(anonymous_10)"  hits="0"  signature="()V" >
				<lines><line number="44"  hits="0" /></lines>
			</method>
			<method name="(anonymous_11)"  hits="0"  signature="()V" >
				<lines><line number="51"  hits="0" /></lines>
			</method>
			<method name="(anonymous_12)"  hits="1"  signature="()V" >
				<lines><line number="63"  hits="1" /></lines>
			</method>
			<method name="(anonymous_13)"  hits="0"  signature="()V" >
				<lines><line number="64"  hits="0" /></lines>
			</method>
			<method name="(anonymous_14)"  hits="0"  signature="()V" >
				<lines><line number="66"  hits="0" /></lines>
			</method>
		</methods>
		<lines>
			<line number="1"  hits="1"  branch="false" />
			<line number="2"  hits="1"  branch="false" />
			<line number="3"  hits="1"  branch="false" />
			<line number="5"  hits="1"  branch="false" />
			<line number="8"  hits="1"  branch="false" />
			<line number="9"  hits="1"  branch="false" />
			<line number="11"  hits="0"  branch="false" />
			<line number="12"  hits="0"  branch="false" />
			<line number="13"  hits="0"  branch="true"  condition-coverage="0% (0/2)" />
			<line number="14"  hits="0"  branch="false" />
			<line number="16"  hits="0"  branch="false" />
			<line number="20"  hits="0"  branch="false" />
			<line number="24"  hits="0"  branch="false" />
			<line number="30"  hits="1"  branch="false" />
			<line number="31"  hits="0"  branch="false" />
			<line number="32"  hits="0"  branch="false" />
			<line number="33"  hits="0"  branch="false" />
			<line number="34"  hits="0"  branch="false" />
			<line number="37"  hits="0"  branch="false" />
			<line number="41"  hits="1"  branch="false" />
			<line number="42"  hits="0"  branch="false" />
			<line number="43"  hits="0"  branch="false" />
			<line number="44"  hits="0"  branch="false" />
			<line number="45"  hits="0"  branch="true"  condition-coverage="0% (0/2)" />
			<line number="46"  hits="0"  branch="false" />
			<line number="52"  hits="0"  branch="false" />
			<line number="56"  hits="0"  branch="false" />
			<line number="60"  hits="0"  branch="false" />
			<line number="63"  hits="1"  branch="false" />
			<line number="64"  hits="1"  branch="false" />
			<line number="65"  hits="0"  branch="false" />
			<line number="66"  hits="0"  branch="false" />
			<line number="67"  hits="0"  branch="false" />
			<line number="68"  hits="0"  branch="false" />
			<line number="71"  hits="0"  branch="false" />
			<line number="78"  hits="1"  branch="false" />
		</lines>
		</class>
	</classes>
	</package>
	<package name="specs"  line-rate="1"  branch-rate="1" >
	<classes>
		<class name="specs.js"  filename="specs\specs.js"  line-rate="1"  branch-rate="1" >
		<methods>
			<method name="(anonymous_1)"  hits="1"  signature="()V" >
				<lines><line number="3"  hits="1" /></lines>
			</method>
			<method name="(anonymous_2)"  hits="1"  signature="()V" >
				<lines><line number="5"  hits="1" /></lines>
			</method>
			<method name="(anonymous_3)"  hits="1"  signature="()V" >
				<lines><line number="8"  hits="1" /></lines>
			</method>
		</methods>
		<lines>
			<line number="1"  hits="1"  branch="false" />
			<line number="3"  hits="1"  branch="false" />
			<line number="5"  hits="1"  branch="false" />
			<line number="6"  hits="1"  branch="false" />
			<line number="8"  hits="1"  branch="false" />
			<line number="9"  hits="1"  branch="false" />
		</lines>
		</class>
	</classes>
	</package>
</packages>
</coverage>
