TN:
SF:C:\Users\samiksha.gupta\Desktop\HooplaToTrainee\MicroServices\Hoopla_Cart\specs\specs.js
FN:3,(anonymous_1)
FN:4,(anonymous_2)
FN:8,(anonymous_3)
FNF:3
FNH:3
FNDA:1,(anonymous_1)
FNDA:1,(anonymous_2)
FNDA:1,(anonymous_3)
DA:1,1
DA:3,1
DA:4,1
DA:5,1
DA:8,1
DA:9,1
LF:6
LH:6
BRF:0
BRH:0
end_of_record
TN:
SF:C:\Users\samiksha.gupta\Desktop\HooplaToTrainee\MicroServices\Hoopla_Cart\public\javascripts\mongodriver.js
FN:15,(anonymous_1)
FN:16,(anonymous_2)
FN:20,(anonymous_3)
FN:34,(anonymous_4)
FN:35,(anonymous_5)
FN:38,(anonymous_6)
FN:48,(anonymous_7)
FN:49,(anonymous_8)
FN:53,(anonymous_9)
FN:65,(anonymous_10)
FN:66,(anonymous_11)
FN:69,(anonymous_12)
FN:81,(anonymous_13)
FN:82,(anonymous_14)
FN:86,(anonymous_15)
FN:98,(anonymous_16)
FN:99,(anonymous_17)
FN:103,(anonymous_18)
FN:114,(anonymous_19)
FN:115,(anonymous_20)
FN:119,(anonymous_21)
FN:128,(anonymous_22)
FN:146,(anonymous_23)
FN:147,(anonymous_24)
FN:151,(anonymous_25)
FN:159,(anonymous_26)
FN:160,(anonymous_27)
FN:164,(anonymous_28)
FN:174,(anonymous_29)
FN:192,(anonymous_30)
FN:193,(anonymous_31)
FN:200,(anonymous_32)
FN:202,(anonymous_33)
FN:211,(anonymous_34)
FN:213,(anonymous_35)
FN:215,(anonymous_36)
FN:226,(anonymous_37)
FN:231,(anonymous_38)
FNF:38
FNH:0
FNDA:0,(anonymous_1)
FNDA:0,(anonymous_2)
FNDA:0,(anonymous_3)
FNDA:0,(anonymous_4)
FNDA:0,(anonymous_5)
FNDA:0,(anonymous_6)
FNDA:0,(anonymous_7)
FNDA:0,(anonymous_8)
FNDA:0,(anonymous_9)
FNDA:0,(anonymous_10)
FNDA:0,(anonymous_11)
FNDA:0,(anonymous_12)
FNDA:0,(anonymous_13)
FNDA:0,(anonymous_14)
FNDA:0,(anonymous_15)
FNDA:0,(anonymous_16)
FNDA:0,(anonymous_17)
FNDA:0,(anonymous_18)
FNDA:0,(anonymous_19)
FNDA:0,(anonymous_20)
FNDA:0,(anonymous_21)
FNDA:0,(anonymous_22)
FNDA:0,(anonymous_23)
FNDA:0,(anonymous_24)
FNDA:0,(anonymous_25)
FNDA:0,(anonymous_26)
FNDA:0,(anonymous_27)
FNDA:0,(anonymous_28)
FNDA:0,(anonymous_29)
FNDA:0,(anonymous_30)
FNDA:0,(anonymous_31)
FNDA:0,(anonymous_32)
FNDA:0,(anonymous_33)
FNDA:0,(anonymous_34)
FNDA:0,(anonymous_35)
FNDA:0,(anonymous_36)
FNDA:0,(anonymous_37)
FNDA:0,(anonymous_38)
DA:1,1
DA:2,1
DA:3,1
DA:4,1
DA:6,1
DA:7,1
DA:9,1
DA:10,1
DA:11,1
DA:13,1
DA:15,1
DA:16,0
DA:17,0
DA:18,0
DA:19,0
DA:21,0
DA:22,0
DA:23,0
DA:26,0
DA:27,0
DA:34,1
DA:35,0
DA:36,0
DA:37,0
DA:38,0
DA:39,0
DA:40,0
DA:43,0
DA:48,1
DA:49,0
DA:50,0
DA:51,0
DA:52,0
DA:54,0
DA:55,0
DA:58,0
DA:59,0
DA:65,1
DA:66,0
DA:67,0
DA:68,0
DA:69,0
DA:70,0
DA:71,0
DA:74,0
DA:75,0
DA:81,1
DA:82,0
DA:83,0
DA:84,0
DA:85,0
DA:87,0
DA:88,0
DA:89,0
DA:92,0
DA:98,1
DA:99,0
DA:100,0
DA:101,0
DA:102,0
DA:104,0
DA:105,0
DA:108,0
DA:114,1
DA:115,0
DA:116,0
DA:117,0
DA:118,0
DA:120,0
DA:121,0
DA:124,0
DA:125,0
DA:126,0
DA:127,0
DA:129,0
DA:130,0
DA:131,0
DA:134,0
DA:146,1
DA:147,0
DA:148,0
DA:149,0
DA:150,0
DA:151,0
DA:152,0
DA:153,0
DA:159,1
DA:160,0
DA:161,0
DA:162,0
DA:163,0
DA:164,0
DA:165,0
DA:166,0
DA:169,0
DA:170,0
DA:171,0
DA:172,0
DA:173,0
DA:175,0
DA:176,0
DA:177,0
DA:180,0
DA:192,1
DA:193,0
DA:194,0
DA:195,0
DA:196,0
DA:200,1
DA:201,0
DA:202,0
DA:203,0
DA:204,0
DA:205,0
DA:212,0
DA:213,0
DA:214,0
DA:215,0
DA:217,0
DA:218,0
DA:220,0
DA:226,0
DA:227,0
DA:228,0
DA:232,0
DA:233,0
DA:236,0
DA:245,1
LF:128
LH:22
BRDA:21,1,0,0
BRDA:21,1,1,0
BRDA:39,2,0,0
BRDA:39,2,1,0
BRDA:54,3,0,0
BRDA:54,3,1,0
BRDA:70,4,0,0
BRDA:70,4,1,0
BRDA:87,5,0,0
BRDA:87,5,1,0
BRDA:104,6,0,0
BRDA:104,6,1,0
BRDA:120,7,0,0
BRDA:120,7,1,0
BRDA:126,8,0,0
BRDA:126,8,1,0
BRDA:129,9,0,0
BRDA:129,9,1,0
BRDA:152,10,0,0
BRDA:152,10,1,0
BRDA:165,11,0,0
BRDA:165,11,1,0
BRDA:171,12,0,0
BRDA:171,12,1,0
BRDA:175,13,0,0
BRDA:175,13,1,0
BRDA:212,14,0,0
BRDA:212,14,1,0
BRDA:217,15,0,0
BRDA:217,15,1,0
BRDA:232,16,0,0
BRDA:232,16,1,0
BRF:32
BRH:0
end_of_record
TN:
SF:C:\Users\samiksha.gupta\Desktop\HooplaToTrainee\MicroServices\Hoopla_Cart\public\javascripts\buslogic.js
FN:6,(anonymous_1)
FN:9,(anonymous_2)
FN:15,(anonymous_3)
FN:30,(anonymous_4)
FN:33,(anonymous_5)
FN:38,(anonymous_6)
FN:40,(anonymous_7)
FN:44,(anonymous_8)
FN:46,(anonymous_9)
FN:52,(anonymous_10)
FN:54,(anonymous_11)
FN:59,(anonymous_12)
FN:61,(anonymous_13)
FN:66,(anonymous_14)
FN:68,(anonymous_15)
FN:73,(anonymous_16)
FN:75,(anonymous_17)
FN:80,(anonymous_18)
FN:84,(anonymous_19)
FN:89,(anonymous_20)
FN:91,(anonymous_21)
FNF:21
FNH:0
FNDA:0,(anonymous_1)
FNDA:0,(anonymous_2)
FNDA:0,(anonymous_3)
FNDA:0,(anonymous_4)
FNDA:0,(anonymous_5)
FNDA:0,(anonymous_6)
FNDA:0,(anonymous_7)
FNDA:0,(anonymous_8)
FNDA:0,(anonymous_9)
FNDA:0,(anonymous_10)
FNDA:0,(anonymous_11)
FNDA:0,(anonymous_12)
FNDA:0,(anonymous_13)
FNDA:0,(anonymous_14)
FNDA:0,(anonymous_15)
FNDA:0,(anonymous_16)
FNDA:0,(anonymous_17)
FNDA:0,(anonymous_18)
FNDA:0,(anonymous_19)
FNDA:0,(anonymous_20)
FNDA:0,(anonymous_21)
DA:1,1
DA:2,1
DA:3,1
DA:6,1
DA:8,0
DA:10,0
DA:11,0
DA:15,1
DA:16,0
DA:17,0
DA:18,0
DA:19,0
DA:20,0
DA:21,0
DA:23,0
DA:24,0
DA:25,0
DA:27,0
DA:30,1
DA:31,0
DA:32,0
DA:34,0
DA:38,1
DA:39,0
DA:41,0
DA:44,1
DA:45,0
DA:47,0
DA:48,0
DA:52,1
DA:53,0
DA:55,0
DA:59,1
DA:60,0
DA:62,0
DA:66,1
DA:67,0
DA:68,0
DA:69,0
DA:73,1
DA:74,0
DA:76,0
DA:80,1
DA:81,0
DA:82,0
DA:83,0
DA:85,0
DA:89,1
DA:90,0
DA:92,0
DA:96,1
LF:51
LH:15
BRF:0
BRH:0
end_of_record
